<?xml version="1.0" encoding="UTF-8"?>
<!-- Generated by org.testng.reporters.JUnitReportReporter -->
<testsuite hostname="DESKTOP-DO7M1Q3" failures="0" tests="1" name="com.java.stringbasedquestions.NoOfDigitsReturns" time="0.029" errors="0" timestamp="2021-11-11T01:33:19 IST" skipped="0">
  <testcase classname="com.java.stringbasedquestions.NoOfDigitsReturns" name="testCase2" time="0.029"/>
  <system-out/>
</testsuite> <!-- com.java.stringbasedquestions.NoOfDigitsReturns -->
