<?xml version="1.0" encoding="UTF-8"?>
<!-- Generated by org.testng.reporters.JUnitReportReporter -->
<testsuite hostname="DESKTOP-DO7M1Q3" failures="0" tests="1" name="com.java.practice.collectordrill.CollectorsPractice" time="0.032" errors="0" timestamp="2021-09-18T22:58:08 IST" skipped="0">
  <testcase classname="com.java.practice.collectordrill.CollectorsPractice" name="toListSetMapPractice" time="0.032"/>
  <system-out/>
</testsuite> <!-- com.java.practice.collectordrill.CollectorsPractice -->
